2025-05-21 10:22:57 [INFO] [REQUEST] GET /users/getinstructorbyid/67d2a7ff5f87b60018b67eef
2025-05-21 10:22:58 [INFO] [RESPONSE] Status: 200 Message: Instructor data fetched successfully
2025-05-21 10:22:58 [INFO] [REQUEST] GET /users/instructorwallet
2025-05-21 10:22:58 [INFO] [RESPONSE] Status: 200 Message: Wallet details fetched successfully
2025-05-21 10:22:58 [INFO] [REQUEST] GET /users/instructor-stats
2025-05-21 10:22:58 [INFO] [RESPONSE] Status: 200 Message: No message
2025-05-21 10:23:00 [INFO] [REQUEST] GET /users/fetchallcategories
2025-05-21 10:23:00 [INFO] [REQUEST] GET /users/getpublishedcourses?page=1&limit=6&search=&sortBy=newest&category=&priceRange=&language=
2025-05-21 10:23:00 [INFO] [RESPONSE] Status: 200 Message: No message
2025-05-21 10:23:00 [INFO] [RESPONSE] Status: 200 Message: Published courses fetched successfully
2025-05-21 10:23:08 [INFO] [REQUEST] POST /users/logout
2025-05-21 10:23:08 [INFO] [RESPONSE] Status: 200 Message: Logout successful
2025-05-21 10:23:39 [INFO] [REQUEST] POST /users/login
2025-05-21 10:23:39 [INFO] [RESPONSE] Status: 200 Message: Login successful
2025-05-21 10:23:44 [INFO] [REQUEST] GET /users/fetchallcategories
2025-05-21 10:23:44 [INFO] [REQUEST] GET /users/getallpublishedcourses?page=1&limit=6&search=&sortBy=newest&category=&priceRange=&language=
2025-05-21 10:23:44 [INFO] [RESPONSE] Status: 200 Message: No message
2025-05-21 10:23:44 [INFO] [RESPONSE] Status: 200 Message: Published courses fetched successfully
2025-05-21 10:23:46 [INFO] [REQUEST] GET /users/getstudentcoursebyid/682d5928733ce9d919b4a30d
2025-05-21 10:23:46 [INFO] [REQUEST] GET /users/check-enrollment/682d5928733ce9d919b4a30d
2025-05-21 10:23:46 [INFO] [RESPONSE] Status: 200 Message: No message
2025-05-21 10:23:46 [INFO] [RESPONSE] Status: 200 Message: Course fetched successfully
2025-05-21 10:23:46 [INFO] [REQUEST] GET /users/getstudentlessonbycourseid/682d5928733ce9d919b4a30d
2025-05-21 10:23:46 [INFO] [RESPONSE] Status: 200 Message: Lessons fetched successfully
2025-05-21 10:23:46 [INFO] [REQUEST] GET /users/courses/682d5928733ce9d919b4a30d/getreviews
2025-05-21 10:23:46 [INFO] [RESPONSE] Status: 404 Message: No reviews found for this course
2025-05-21 10:23:47 [INFO] [REQUEST] GET /users/payment-history
2025-05-21 10:23:47 [INFO] [RESPONSE] Status: 200 Message: Payment history fetched successfully
2025-05-21 10:23:47 [INFO] [REQUEST] POST /users/create-checkout-session
2025-05-21 10:23:48 [INFO] [RESPONSE] Status: 200 Message: Checkout session created successfully
2025-05-21 10:24:02 [INFO] [REQUEST] GET /users/payment-history
2025-05-21 10:24:02 [INFO] [RESPONSE] Status: 200 Message: Payment history fetched successfully
2025-05-21 10:24:02 [INFO] [REQUEST] POST /users/create-checkout-session
2025-05-21 10:24:02 [INFO] [RESPONSE] Status: 200 Message: Checkout session created successfully
2025-05-21 10:24:24 [INFO] [REQUEST] GET /users/payment-history
2025-05-21 10:24:24 [INFO] [RESPONSE] Status: 200 Message: Payment history fetched successfully
2025-05-21 10:24:24 [INFO] [REQUEST] POST /users/create-checkout-session
2025-05-21 10:24:24 [INFO] [RESPONSE] Status: 200 Message: Checkout session created successfully
2025-05-21 10:25:10 [INFO] [REQUEST] GET /users/payment-history
2025-05-21 10:25:10 [INFO] [RESPONSE] Status: 200 Message: Payment history fetched successfully
2025-05-21 10:25:10 [INFO] [REQUEST] POST /users/create-checkout-session
2025-05-21 10:25:11 [INFO] [RESPONSE] Status: 200 Message: Checkout session created successfully
2025-05-21 10:28:25 [INFO] [REQUEST] GET /users/payment-history
2025-05-21 10:28:26 [INFO] [RESPONSE] Status: 200 Message: Payment history fetched successfully
2025-05-21 10:28:26 [INFO] [REQUEST] POST /users/create-checkout-session
2025-05-21 10:28:26 [INFO] [RESPONSE] Status: 200 Message: Checkout session created successfully
2025-05-21 10:30:03 [INFO] [REQUEST] GET /users/verify-payment?session_id=cs_test_a1uwFk6il7IXKGGrfVXHfAkv1fbqGyB0MnIMmteEvm0eeiHbFUTcXkE2Rh
2025-05-21 10:30:04 [INFO] [RESPONSE] Status: 200 Message: Enrollment successful
2025-05-21 10:30:04 [INFO] [REQUEST] GET /users/enrolled-courses?page=1&limit=6&search=&sortBy=newest&category=&priceRange=&language=
2025-05-21 10:30:04 [INFO] [REQUEST] GET /users/fetchallcategories
2025-05-21 10:30:04 [INFO] [RESPONSE] Status: 200 Message: No message
2025-05-21 10:30:04 [INFO] [RESPONSE] Status: 200 Message: No message
2025-05-21 10:50:30 [INFO] [REQUEST] GET /users/fetchallcategories
2025-05-21 10:50:30 [INFO] [REQUEST] GET /users/enrolled-courses?page=1&limit=6&search=&sortBy=newest&category=&priceRange=&language=
2025-05-21 10:50:30 [INFO] [RESPONSE] Status: 200 Message: No message
2025-05-21 10:50:30 [INFO] [RESPONSE] Status: 200 Message: No message
2025-05-21 11:14:13 [INFO] [REQUEST] GET /users/fetchallcategories
2025-05-21 11:14:13 [INFO] [REQUEST] GET /users/getallpublishedcourses?page=1&limit=6&search=&sortBy=newest&category=&priceRange=&language=
2025-05-21 11:14:14 [INFO] [RESPONSE] Status: 200 Message: No message
2025-05-21 11:14:14 [INFO] [RESPONSE] Status: 200 Message: Published courses fetched successfully
2025-05-21 11:14:15 [INFO] [REQUEST] GET /users/fetchallcategories
2025-05-21 11:14:16 [INFO] [REQUEST] GET /users/enrolled-courses?page=1&limit=6&search=&sortBy=newest&category=&priceRange=&language=
2025-05-21 11:14:16 [INFO] [RESPONSE] Status: 200 Message: No message
2025-05-21 11:14:16 [INFO] [RESPONSE] Status: 200 Message: No message
2025-05-21 11:14:20 [INFO] [REQUEST] GET /users/enrolled-course-detailss/682d5928733ce9d919b4a30d
2025-05-21 11:14:20 [INFO] [RESPONSE] Status: 200 Message: Enrolled course details fetched successfully
2025-05-21 11:14:20 [INFO] [REQUEST] GET /users/enrolled-course-lessons/682d5928733ce9d919b4a30d
2025-05-21 11:14:20 [INFO] [RESPONSE] Status: 200 Message: Enrolled lessons fetched successfully
2025-05-21 11:14:20 [INFO] [REQUEST] GET /users/enrolled-course-detailss/682d5928733ce9d919b4a30d
2025-05-21 11:14:20 [INFO] [RESPONSE] Status: 200 Message: Enrolled course details fetched successfully
2025-05-21 11:14:20 [INFO] [REQUEST] GET /users/profile
2025-05-21 11:14:20 [INFO] [REQUEST] GET /users/courses/682d5928733ce9d919b4a30d/getreviews
2025-05-21 11:14:20 [INFO] [RESPONSE] Status: 200 Message: No message
2025-05-21 11:14:20 [INFO] [RESPONSE] Status: 404 Message: No reviews found for this course
2025-05-21 11:14:20 [INFO] [REQUEST] GET /users/getchat/682d5928733ce9d919b4a30d
2025-05-21 11:14:20 [INFO] [RESPONSE] Status: 200 Message: Chat fetched successfully
2025-05-21 11:14:31 [INFO] [REQUEST] POST /users/update-lesson-progress
2025-05-21 11:14:31 [INFO] [RESPONSE] Status: 200 Message: Lesson progress updated successfully
2025-05-21 11:14:45 [INFO] [REQUEST] POST /users/update-lesson-progress
2025-05-21 11:14:46 [INFO] [RESPONSE] Status: 200 Message: Lesson progress updated successfully
2025-05-21 11:15:00 [INFO] [REQUEST] GET /users/getchat/682d5928733ce9d919b4a30d
2025-05-21 11:15:00 [INFO] [RESPONSE] Status: 200 Message: Chat fetched successfully
2025-05-21 11:15:00 [INFO] [REQUEST] GET /users/682d5948733ce9d919b4a322/getmessages
2025-05-21 11:15:00 [INFO] [REQUEST] PUT /users/messages/682d5948733ce9d919b4a322/read
2025-05-21 11:15:00 [INFO] [RESPONSE] Status: 200 Message: Messages retrieved successfully
2025-05-21 11:15:00 [INFO] [RESPONSE] Status: 200 Message: Marked 0 messages as read for user
2025-05-21 11:15:04 [INFO] [REQUEST] POST /users/682d5948733ce9d919b4a322/createmessages
2025-05-21 11:15:05 [INFO] [RESPONSE] Status: 201 Message: Message created successfully
2025-05-21 11:15:05 [INFO] [REQUEST] GET /users/messages/682d5948733ce9d919b4a322/unreadcount
2025-05-21 11:15:15 [INFO] [REQUEST] POST /users/logout
2025-05-21 11:15:15 [INFO] [RESPONSE] Status: 200 Message: Logout successful
2025-05-21 18:43:34 [INFO] [REQUEST] POST /users/login
2025-05-21 18:43:34 [INFO] [RESPONSE] Status: 200 Message: Login successful
2025-05-21 18:43:38 [INFO] [REQUEST] GET /users/fetchallcategories
2025-05-21 18:43:38 [INFO] [REQUEST] GET /users/enrolled-courses?page=1&limit=6&search=&sortBy=newest&category=&priceRange=&language=
2025-05-21 18:43:38 [INFO] [RESPONSE] Status: 200 Message: No message
2025-05-21 18:43:38 [INFO] [RESPONSE] Status: 200 Message: No message
2025-05-21 18:43:39 [INFO] [REQUEST] GET /users/fetchallcategories
2025-05-21 18:43:39 [INFO] [REQUEST] GET /users/getallpublishedcourses?page=1&limit=6&search=&sortBy=newest&category=&priceRange=&language=
2025-05-21 18:43:39 [INFO] [RESPONSE] Status: 200 Message: No message
2025-05-21 18:43:39 [INFO] [RESPONSE] Status: 200 Message: Published courses fetched successfully
2025-05-21 18:43:53 [INFO] [REQUEST] GET /users/getstudentcoursebyid/682dc548c7b32515138a58b4
2025-05-21 18:43:53 [INFO] [REQUEST] GET /users/check-enrollment/682dc548c7b32515138a58b4
2025-05-21 18:43:53 [INFO] [RESPONSE] Status: 200 Message: No message
2025-05-21 18:43:53 [INFO] [RESPONSE] Status: 200 Message: Course fetched successfully
2025-05-21 18:43:53 [INFO] [REQUEST] GET /users/getstudentlessonbycourseid/682dc548c7b32515138a58b4
2025-05-21 18:43:54 [INFO] [RESPONSE] Status: 200 Message: Lessons fetched successfully
2025-05-21 18:43:54 [INFO] [REQUEST] GET /users/courses/682dc548c7b32515138a58b4/getreviews
2025-05-21 18:43:54 [INFO] [RESPONSE] Status: 404 Message: No reviews found for this course
2025-05-21 18:43:57 [INFO] [REQUEST] GET /users/payment-history
2025-05-21 18:43:57 [INFO] [RESPONSE] Status: 200 Message: Payment history fetched successfully
2025-05-21 18:43:57 [INFO] [REQUEST] POST /users/create-checkout-session
2025-05-21 18:43:58 [INFO] [RESPONSE] Status: 200 Message: Checkout session created successfully
2025-05-21 18:44:43 [INFO] [REQUEST] GET /users/payment-history
2025-05-21 18:44:43 [INFO] [RESPONSE] Status: 200 Message: Payment history fetched successfully
2025-05-21 18:44:43 [INFO] [REQUEST] POST /users/create-checkout-session
2025-05-21 18:44:44 [INFO] [RESPONSE] Status: 200 Message: Checkout session created successfully
