2025-05-20 10:58:18 [INFO] [REQUEST] GET /admin/admin-stats
2025-05-20 10:58:18 [INFO] [RESPONSE] Status: 200 Message: No message
2025-05-20 10:58:18 [INFO] [REQUEST] GET /admin/course-stats
2025-05-20 10:58:18 [INFO] [RESPONSE] Status: 200 Message: Course statistics fetched successfully
2025-05-20 11:00:21 [INFO] [REQUEST] GET /admin/getallcategories
2025-05-20 11:00:21 [INFO] [RESPONSE] Status: 200 Message: Categories retrieved successfully
2025-05-20 11:00:21 [INFO] [REQUEST] GET /admin/getallstudents
2025-05-20 11:00:21 [INFO] [RESPONSE] Status: 200 Message: Students retrieved successfully
2025-05-20 11:00:22 [INFO] [REQUEST] GET /admin/getallinstructors
2025-05-20 11:00:22 [INFO] [RESPONSE] Status: 200 Message: Instructors retrieved successfully
2025-05-20 11:00:23 [INFO] [REQUEST] GET /admin/getallinstructors
2025-05-20 11:00:23 [INFO] [RESPONSE] Status: 200 Message: Instructors retrieved successfully
2025-05-20 11:00:24 [INFO] [REQUEST] GET /admin/getannouncements
2025-05-20 11:00:24 [INFO] [RESPONSE] Status: 200 Message: Announcements retrieved successfully
2025-05-20 11:00:28 [INFO] [REQUEST] GET /admin/get-all-payment-history?page=1&limit=5
2025-05-20 11:00:28 [INFO] [RESPONSE] Status: 200 Message: Payment history fetched successfully
2025-05-20 11:00:30 [INFO] [REQUEST] GET /admin/getannouncements
2025-05-20 11:00:30 [INFO] [RESPONSE] Status: 200 Message: Announcements retrieved successfully
2025-05-20 11:00:48 [INFO] [REQUEST] GET /admin/admin-wallet
2025-05-20 11:00:48 [INFO] [RESPONSE] Status: 200 Message: Admin wallet details fetched successfully
2025-05-20 11:00:51 [INFO] [REQUEST] GET /admin/get-all-payment-history?page=1&limit=5
2025-05-20 11:00:51 [INFO] [RESPONSE] Status: 200 Message: Payment history fetched successfully
2025-05-20 11:01:06 [INFO] [REQUEST] GET /admin/getallinstructors
2025-05-20 11:01:06 [INFO] [RESPONSE] Status: 200 Message: Instructors retrieved successfully
2025-05-20 11:07:16 [INFO] [REQUEST] GET /admin/getallinstructors
2025-05-20 11:07:16 [INFO] [RESPONSE] Status: 200 Message: Instructors retrieved successfully
2025-05-20 11:44:41 [INFO] [REQUEST] GET /admin/getallinstructors
2025-05-20 11:45:20 [INFO] [RESPONSE] Status: 200 Message: Instructors retrieved successfully
2025-05-20 11:52:09 [INFO] [REQUEST] GET /admin/getannouncements
2025-05-20 11:52:09 [INFO] [RESPONSE] Status: 200 Message: Announcements retrieved successfully
2025-05-20 11:52:18 [INFO] [REQUEST] POST /admin/create-announcements
2025-05-20 11:52:18 [INFO] [RESPONSE] Status: 200 Message: Announcement created successfully
2025-05-20 11:52:18 [INFO] [REQUEST] GET /admin/getannouncements
2025-05-20 11:52:18 [INFO] [RESPONSE] Status: 200 Message: Announcements retrieved successfully
2025-05-20 11:52:37 [INFO] [REQUEST] POST /admin/create-announcements
2025-05-20 11:52:37 [INFO] [RESPONSE] Status: 200 Message: Announcement created successfully
2025-05-20 11:52:37 [INFO] [REQUEST] GET /admin/getannouncements
2025-05-20 11:52:37 [INFO] [RESPONSE] Status: 200 Message: Announcements retrieved successfully
2025-05-20 11:52:56 [INFO] [REQUEST] POST /admin/create-announcements
2025-05-20 11:52:56 [INFO] [RESPONSE] Status: 400 Message: An announcement with the same title and content already exists
2025-05-20 11:53:14 [INFO] [REQUEST] POST /admin/create-announcements
2025-05-20 11:53:14 [INFO] [RESPONSE] Status: 200 Message: Announcement created successfully
2025-05-20 11:53:14 [INFO] [REQUEST] GET /admin/getannouncements
2025-05-20 11:53:14 [INFO] [RESPONSE] Status: 200 Message: Announcements retrieved successfully
2025-05-20 12:12:38 [INFO] [REQUEST] GET /admin/getannouncements
2025-05-20 12:14:04 [INFO] [RESPONSE] Status: 404 Message: Internal server error
2025-05-20 12:14:12 [INFO] [REQUEST] GET /admin/getannouncements
2025-05-20 12:14:13 [INFO] [RESPONSE] Status: 200 Message: Announcements retrieved successfully
2025-05-20 12:27:40 [INFO] [REQUEST] GET /admin/getannouncements
2025-05-20 12:28:17 [INFO] [RESPONSE] Status: 404 Message: Internal server error
2025-05-20 12:38:43 [INFO] [REQUEST] GET /admin/getannouncements
2025-05-20 12:38:43 [INFO] [RESPONSE] Status: 200 Message: Announcements retrieved successfully
2025-05-20 12:56:33 [INFO] [REQUEST] GET /admin/getannouncements
2025-05-20 12:56:34 [INFO] [RESPONSE] Status: 200 Message: Announcements retrieved successfully
2025-05-20 12:56:49 [INFO] [REQUEST] GET /admin/getannouncements
2025-05-20 12:56:49 [INFO] [RESPONSE] Status: 200 Message: Announcements retrieved successfully
2025-05-20 13:06:01 [INFO] [REQUEST] POST /admin/create-announcements
2025-05-20 13:06:02 [INFO] [RESPONSE] Status: 400 Message: An announcement with the same title and content already exists
2025-05-20 13:06:09 [INFO] [REQUEST] POST /admin/create-announcements
2025-05-20 13:06:09 [INFO] [RESPONSE] Status: 200 Message: Announcement created successfully
2025-05-20 13:06:09 [INFO] [REQUEST] GET /admin/getannouncements
2025-05-20 13:06:09 [INFO] [RESPONSE] Status: 200 Message: Announcements retrieved successfully
2025-05-20 13:06:22 [INFO] [REQUEST] POST /admin/create-announcements
2025-05-20 13:06:22 [INFO] [RESPONSE] Status: 400 Message: An announcement with the same title and content already exists
2025-05-20 13:06:33 [INFO] [REQUEST] POST /admin/create-announcements
2025-05-20 13:06:33 [INFO] [RESPONSE] Status: 200 Message: Announcement created successfully
2025-05-20 13:06:33 [INFO] [REQUEST] GET /admin/getannouncements
2025-05-20 13:06:33 [INFO] [RESPONSE] Status: 200 Message: Announcements retrieved successfully
2025-05-20 13:06:54 [INFO] [REQUEST] POST /admin/create-announcements
2025-05-20 13:06:54 [INFO] [RESPONSE] Status: 400 Message: An announcement with the same title and content already exists
2025-05-20 13:07:00 [INFO] [REQUEST] POST /admin/create-announcements
2025-05-20 13:07:00 [INFO] [RESPONSE] Status: 200 Message: Announcement created successfully
2025-05-20 13:07:00 [INFO] [REQUEST] GET /admin/getannouncements
2025-05-20 13:07:00 [INFO] [RESPONSE] Status: 200 Message: Announcements retrieved successfully
2025-05-20 13:08:00 [INFO] [REQUEST] PUT /admin/announcements/update
2025-05-20 13:08:00 [INFO] [RESPONSE] Status: 200 Message: Announcement updated successfully
2025-05-20 13:08:00 [INFO] [REQUEST] GET /admin/getannouncements
2025-05-20 13:08:00 [INFO] [RESPONSE] Status: 200 Message: Announcements retrieved successfully
2025-05-20 13:08:04 [INFO] [REQUEST] PUT /admin/announcements/update
2025-05-20 13:08:04 [INFO] [RESPONSE] Status: 200 Message: Announcement updated successfully
2025-05-20 13:08:04 [INFO] [REQUEST] GET /admin/getannouncements
2025-05-20 13:08:04 [INFO] [RESPONSE] Status: 200 Message: Announcements retrieved successfully
2025-05-20 13:08:15 [INFO] [REQUEST] PUT /admin/announcements/update
2025-05-20 13:08:15 [INFO] [RESPONSE] Status: 400 Message: Another announcement with the same title and content already exists
2025-05-20 13:08:18 [INFO] [REQUEST] PUT /admin/announcements/update
2025-05-20 13:08:18 [INFO] [RESPONSE] Status: 400 Message: Another announcement with the same title and content already exists
2025-05-20 13:08:37 [INFO] [REQUEST] PUT /admin/announcements/update
2025-05-20 13:08:37 [INFO] [RESPONSE] Status: 200 Message: Announcement updated successfully
2025-05-20 13:08:37 [INFO] [REQUEST] GET /admin/getannouncements
2025-05-20 13:08:37 [INFO] [RESPONSE] Status: 200 Message: Announcements retrieved successfully
2025-05-20 13:13:46 [INFO] [REQUEST] GET /admin/getannouncements
2025-05-20 13:13:46 [INFO] [RESPONSE] Status: 200 Message: Announcements retrieved successfully
2025-05-20 13:13:54 [INFO] [REQUEST] POST /admin/create-announcements
2025-05-20 13:13:54 [INFO] [RESPONSE] Status: 200 Message: Announcement created successfully
2025-05-20 13:13:54 [INFO] [REQUEST] GET /admin/getannouncements
2025-05-20 13:13:54 [INFO] [RESPONSE] Status: 200 Message: Announcements retrieved successfully
2025-05-20 13:14:06 [INFO] [REQUEST] POST /admin/create-announcements
2025-05-20 13:14:06 [INFO] [RESPONSE] Status: 400 Message: An announcement with the same title already exists
2025-05-20 13:14:11 [INFO] [REQUEST] POST /admin/create-announcements
2025-05-20 13:14:11 [INFO] [RESPONSE] Status: 400 Message: An announcement with the same title already exists
2025-05-20 13:14:16 [INFO] [REQUEST] POST /admin/create-announcements
2025-05-20 13:14:16 [INFO] [RESPONSE] Status: 200 Message: Announcement created successfully
2025-05-20 13:14:16 [INFO] [REQUEST] GET /admin/getannouncements
2025-05-20 13:14:16 [INFO] [RESPONSE] Status: 200 Message: Announcements retrieved successfully
2025-05-20 13:14:34 [INFO] [REQUEST] PUT /admin/announcements/update
2025-05-20 13:14:34 [INFO] [RESPONSE] Status: 200 Message: Announcement updated successfully
2025-05-20 13:14:34 [INFO] [REQUEST] GET /admin/getannouncements
2025-05-20 13:14:34 [INFO] [RESPONSE] Status: 200 Message: Announcements retrieved successfully
2025-05-20 13:14:48 [INFO] [REQUEST] PUT /admin/announcements/update
2025-05-20 13:14:48 [INFO] [RESPONSE] Status: 400 Message: Another announcement with the same title already exists
2025-05-20 13:14:54 [INFO] [REQUEST] PUT /admin/announcements/update
2025-05-20 13:14:54 [INFO] [RESPONSE] Status: 400 Message: Another announcement with the same title already exists
2025-05-20 13:14:58 [INFO] [REQUEST] PUT /admin/announcements/update
2025-05-20 13:14:59 [INFO] [RESPONSE] Status: 200 Message: Announcement updated successfully
2025-05-20 13:14:59 [INFO] [REQUEST] GET /admin/getannouncements
2025-05-20 13:14:59 [INFO] [RESPONSE] Status: 200 Message: Announcements retrieved successfully
2025-05-20 13:15:11 [INFO] [REQUEST] PUT /admin/announcements/update
2025-05-20 13:15:11 [INFO] [RESPONSE] Status: 400 Message: Another announcement with the same title already exists
2025-05-20 13:15:12 [INFO] [REQUEST] PUT /admin/announcements/update
2025-05-20 13:15:12 [INFO] [RESPONSE] Status: 400 Message: Another announcement with the same title already exists
2025-05-20 13:15:18 [INFO] [REQUEST] PUT /admin/announcements/update
2025-05-20 13:15:18 [INFO] [RESPONSE] Status: 400 Message: Another announcement with the same title already exists
2025-05-20 13:15:24 [INFO] [REQUEST] PUT /admin/announcements/update
2025-05-20 13:15:24 [INFO] [RESPONSE] Status: 200 Message: Announcement updated successfully
2025-05-20 13:15:24 [INFO] [REQUEST] GET /admin/getannouncements
2025-05-20 13:15:24 [INFO] [RESPONSE] Status: 200 Message: Announcements retrieved successfully
2025-05-20 13:16:05 [INFO] [REQUEST] POST /admin/create-announcements
2025-05-20 13:16:05 [INFO] [RESPONSE] Status: 400 Message: An announcement with the same title already exists
2025-05-20 13:16:10 [INFO] [REQUEST] POST /admin/create-announcements
2025-05-20 13:16:10 [INFO] [RESPONSE] Status: 400 Message: An announcement with the same title already exists
2025-05-20 13:16:12 [INFO] [REQUEST] POST /admin/create-announcements
2025-05-20 13:16:12 [INFO] [RESPONSE] Status: 200 Message: Announcement created successfully
2025-05-20 13:16:12 [INFO] [REQUEST] GET /admin/getannouncements
2025-05-20 13:16:12 [INFO] [RESPONSE] Status: 200 Message: Announcements retrieved successfully
2025-05-20 13:16:24 [INFO] [REQUEST] PUT /admin/announcements/update
2025-05-20 13:16:24 [INFO] [RESPONSE] Status: 200 Message: Announcement updated successfully
2025-05-20 13:16:24 [INFO] [REQUEST] GET /admin/getannouncements
2025-05-20 13:16:24 [INFO] [RESPONSE] Status: 200 Message: Announcements retrieved successfully
2025-05-20 13:16:27 [INFO] [REQUEST] PUT /admin/announcements/update
2025-05-20 13:16:28 [INFO] [RESPONSE] Status: 200 Message: Announcement updated successfully
2025-05-20 13:16:28 [INFO] [REQUEST] GET /admin/getannouncements
2025-05-20 13:16:28 [INFO] [RESPONSE] Status: 200 Message: Announcements retrieved successfully
2025-05-20 13:16:35 [INFO] [REQUEST] PUT /admin/announcements/update
2025-05-20 13:16:35 [INFO] [RESPONSE] Status: 400 Message: Another announcement with the same title already exists
2025-05-20 13:16:37 [INFO] [REQUEST] PUT /admin/announcements/update
2025-05-20 13:16:37 [INFO] [RESPONSE] Status: 200 Message: Announcement updated successfully
2025-05-20 13:16:37 [INFO] [REQUEST] GET /admin/getannouncements
2025-05-20 13:16:37 [INFO] [RESPONSE] Status: 200 Message: Announcements retrieved successfully
2025-05-20 13:16:40 [INFO] [REQUEST] GET /admin/admin-stats
2025-05-20 13:16:41 [INFO] [RESPONSE] Status: 200 Message: No message
2025-05-20 13:16:41 [INFO] [REQUEST] GET /admin/course-stats
2025-05-20 13:16:41 [INFO] [RESPONSE] Status: 200 Message: Course statistics fetched successfully
2025-05-20 13:16:46 [INFO] [REQUEST] POST /admin/adminlogout
2025-05-20 13:16:46 [INFO] [RESPONSE] Status: 200 Message: Admin Logout successful
2025-05-20 13:16:50 [INFO] [REQUEST] GET /users/getallpublishedcourses?page=1&limit=6&search=&sortBy=newest&category=&priceRange=&language=
2025-05-20 13:16:50 [INFO] [REQUEST] GET /users/fetchallcategories
2025-05-20 13:16:50 [INFO] [RESPONSE] Status: 200 Message: No message
2025-05-20 13:16:50 [INFO] [RESPONSE] Status: 200 Message: Published courses fetched successfully
2025-05-20 13:16:51 [INFO] [REQUEST] GET /users/fetchallcategories
2025-05-20 13:16:51 [INFO] [REQUEST] GET /users/enrolled-courses?page=1&limit=6&search=&sortBy=newest&category=&priceRange=&language=
2025-05-20 13:16:51 [INFO] [RESPONSE] Status: 200 Message: No message
2025-05-20 13:16:51 [INFO] [RESPONSE] Status: 200 Message: No message
2025-05-20 13:16:54 [INFO] [REQUEST] GET /users/getactiveannouncements
2025-05-20 13:16:54 [INFO] [RESPONSE] Status: 200 Message: Announcements retrieved successfully
2025-05-20 13:17:00 [INFO] [REQUEST] GET /users/payment-history
2025-05-20 13:17:00 [INFO] [RESPONSE] Status: 200 Message: Payment history fetched successfully
2025-05-20 13:17:04 [INFO] [REQUEST] POST /users/logout
2025-05-20 13:17:04 [INFO] [RESPONSE] Status: 200 Message: Logout successful
2025-05-20 18:44:50 [INFO] [REQUEST] POST /users/login
2025-05-20 18:44:50 [INFO] [RESPONSE] Status: 200 Message: Login successful
2025-05-20 18:44:54 [INFO] [REQUEST] GET /users/getinstructorbyid/67d2a7ff5f87b60018b67eef
2025-05-20 18:44:54 [INFO] [RESPONSE] Status: 200 Message: Instructor data fetched successfully
2025-05-20 18:44:54 [INFO] [REQUEST] GET /users/instructorwallet
2025-05-20 18:44:54 [INFO] [RESPONSE] Status: 200 Message: Wallet details fetched successfully
2025-05-20 18:44:54 [INFO] [REQUEST] GET /users/instructor-stats
2025-05-20 18:44:54 [INFO] [RESPONSE] Status: 200 Message: No message
2025-05-20 18:44:56 [INFO] [REQUEST] GET /users/fetchallcategories
2025-05-20 18:44:56 [INFO] [REQUEST] GET /users/getpublishedcourses?page=1&limit=6&search=&sortBy=newest&category=&priceRange=&language=
2025-05-20 18:44:56 [INFO] [RESPONSE] Status: 200 Message: No message
2025-05-20 18:44:56 [INFO] [RESPONSE] Status: 200 Message: Published courses fetched successfully
